Tokenizing documents and phrases using bert-base-uncased tokenizer, please wait...
TopicExpan(
  (doc_encoder): BertDocEncoder(
    (model): BertModel(
      (embeddings): BertEmbeddings(
        (word_embeddings): Embedding(30522, 768, padding_idx=0)
        (position_embeddings): Embedding(512, 768)
        (token_type_embeddings): Embedding(2, 768)
        (LayerNorm): LayerNorm((768,), eps=1e-12, elementwise_affine=True)
        (dropout): Dropout(p=0.1, inplace=False)
      )
      (encoder): BertEncoder(
        (layer): ModuleList(
          (0-11): 12 x BertLayer(
            (attention): BertAttention(
              (self): BertSdpaSelfAttention(
                (query): Linear(in_features=768, out_features=768, bias=True)
                (key): Linear(in_features=768, out_features=768, bias=True)
                (value): Linear(in_features=768, out_features=768, bias=True)
                (dropout): Dropout(p=0.1, inplace=False)
              )
              (output): BertSelfOutput(
                (dense): Linear(in_features=768, out_features=768, bias=True)
                (LayerNorm): LayerNorm((768,), eps=1e-12, elementwise_affine=True)
                (dropout): Dropout(p=0.1, inplace=False)
              )
            )
            (intermediate): BertIntermediate(
              (dense): Linear(in_features=768, out_features=3072, bias=True)
              (intermediate_act_fn): GELUActivation()
            )
            (output): BertOutput(
              (dense): Linear(in_features=3072, out_features=768, bias=True)
              (LayerNorm): LayerNorm((768,), eps=1e-12, elementwise_affine=True)
              (dropout): Dropout(p=0.1, inplace=False)
            )
          )
        )
      )
      (pooler): BertPooler(
        (dense): Linear(in_features=768, out_features=768, bias=True)
        (activation): Tanh()
      )
    )
    (input_embeddings): BertEmbeddings(
      (word_embeddings): Embedding(30522, 768, padding_idx=0)
      (position_embeddings): Embedding(512, 768)
      (token_type_embeddings): Embedding(2, 768)
      (LayerNorm): LayerNorm((768,), eps=1e-12, elementwise_affine=True)
      (dropout): Dropout(p=0.1, inplace=False)
    )
  )
  (phrase_decoder): TransformerPhraseDecoder(
    (input_embeddings): BertEmbeddings(
      (word_embeddings): Embedding(30522, 768, padding_idx=0)
      (position_embeddings): Embedding(512, 768)
      (token_type_embeddings): Embedding(2, 768)
      (LayerNorm): LayerNorm((768,), eps=1e-12, elementwise_affine=True)
      (dropout): Dropout(p=0.1, inplace=False)
    )
    (output_embeddings): Linear(in_features=768, out_features=30522, bias=False)
    (model): TransformerDecoder(
      (layers): ModuleList(
        (0): TransformerDecoderLayer(
          (self_attn): MultiheadAttention(
            (out_proj): NonDynamicallyQuantizableLinear(in_features=768, out_features=768, bias=True)
          )
          (multihead_attn): MultiheadAttention(
            (out_proj): NonDynamicallyQuantizableLinear(in_features=768, out_features=768, bias=True)
          )
          (linear1): Linear(in_features=768, out_features=2048, bias=True)
          (dropout): Dropout(p=0.1, inplace=False)
          (linear2): Linear(in_features=2048, out_features=768, bias=True)
          (norm1): LayerNorm((768,), eps=1e-05, elementwise_affine=True)
          (norm2): LayerNorm((768,), eps=1e-05, elementwise_affine=True)
          (norm3): LayerNorm((768,), eps=1e-05, elementwise_affine=True)
          (dropout1): Dropout(p=0.1, inplace=False)
          (dropout2): Dropout(p=0.1, inplace=False)
          (dropout3): Dropout(p=0.1, inplace=False)
        )
      )
    )
  )
  (topic_encoder): GCNTopicEncoder(
    (downward_layers): ModuleList(
      (0-1): 2 x GraphConv(in=300, out=300, normalization=right, activation=None)
    )
    (upward_layers): ModuleList(
      (0-1): 2 x GraphConv(in=300, out=300, normalization=right, activation=None)
    )
    (sideward_layers): ModuleList(
      (0-1): 2 x GraphConv(in=300, out=300, normalization=right, activation=None)
    )
  )
  (interaction): BilinearInteraction()
  (linear_combiner): Linear(in_features=1068, out_features=768, bias=True)
)
Trainable parameters: 142394216
Loading checkpoint: amazon-save/models/model_best.pth ...
Checkpoint loaded. Resume training from epoch 30
loading projection weights from ~/Downloads/topicexpan/glove/glove.6B.300d.word2vec.txt
KeyedVectors lifecycle event {'msg': 'loaded (400000, 300) matrix of type float32 from ~/Downloads/topicexpan/glove/glove.6B.300d.word2vec.txt', 'binary': False, 'encoding': 'utf8', 'datetime': '2024-11-29T20:16:09.704353', 'gensim': '4.3.3', 'python': '3.12.5 | packaged by conda-forge | (main, Aug  8 2024, 18:36:51) [GCC 12.4.0]', 'platform': 'Linux-4.18.0-513.18.1.el8_9.x86_64-x86_64-with-glibc2.28', 'event': 'load_word2vec_format'}
