Job started at Thu Jan 16 09:28:13 EST 2025
Activating virtual environment at Thu Jan 16 09:28:13 EST 2025
Starting preprocessing at Thu Jan 16 09:28:14 EST 2025
Loading and preprocessing data...
Creating corpus.txt...
Initializing KeyBERT model...
Extracting phrases from documents...
Saving doc2phrases.txt...
Creating topic hierarchy...
{'0': {'parent': 'root', 'children': ['1', '2', '3', '4', '5', '6', '7', '8', '9', '10', '11', '12', '13', '14', '15', '16', '17', '18', '19', '20', '21', '22', '23', '24', '25', '26', '27', '28', '29', '30', '31', '32', '33'], 'terms': []}}
Saving topics.txt...
Saving topic hierarchy...
Creating topic features...
Saving topic features...
Creating topic triples...
Preprocessing complete! Files have been created in the congress/ directory.
Similarity distribution plots saved as similarity_distributions.png
Generating dataset binary at Thu Jan 16 10:18:35 EST 2025
Creating save directories at Thu Jan 16 10:18:54 EST 2025
Checking for checkpoint at Thu Jan 16 10:18:54 EST 2025
No checkpoint found. Starting training from scratch.
Starting training at Thu Jan 16 10:18:54 EST 2025
Starting expansion at Thu Jan 16 10:19:11 EST 2025
Job completed at Thu Jan 16 10:19:24 EST 2025
